<?xml version="1.0" encoding="UTF-8"?>
<coverage generated="1671109972464" clover="3.2.0">
  <project timestamp="1671109972464" name="All files">
    <metrics statements="35" coveredstatements="35" conditionals="11" coveredconditionals="11" methods="21" coveredmethods="21" elements="67" coveredelements="67" complexity="0" loc="35" ncloc="35" packages="6" files="6" classes="6"/>
    <package name="adapteurs.secondary">
      <metrics statements="25" coveredstatements="25" conditionals="11" coveredconditionals="11" methods="11" coveredmethods="11"/>
      <file name="inMemoryPokemonGateway.ts" path="/home/yanny/Bureau/archi-projet/rendu/src/adapteurs/secondary/inMemoryPokemonGateway.ts">
        <metrics statements="25" coveredstatements="25" conditionals="11" coveredconditionals="11" methods="11" coveredmethods="11"/>
        <line num="4" count="5" type="stmt"/>
        <line num="5" count="11" type="stmt"/>
        <line num="8" count="6" type="stmt"/>
        <line num="12" count="2" type="stmt"/>
        <line num="13" count="1" type="stmt"/>
        <line num="17" count="2" type="stmt"/>
        <line num="18" count="2" type="stmt"/>
        <line num="19" count="1" type="stmt"/>
        <line num="23" count="2" type="stmt"/>
        <line num="25" count="1" type="stmt"/>
        <line num="27" count="1" type="cond" truecount="1" falsecount="0"/>
        <line num="28" count="1" type="stmt"/>
        <line num="31" count="1" type="stmt"/>
        <line num="35" count="2" type="cond" truecount="4" falsecount="0"/>
        <line num="36" count="1" type="stmt"/>
        <line num="37" count="1" type="stmt"/>
        <line num="41" count="3" type="cond" truecount="4" falsecount="0"/>
        <line num="43" count="2" type="stmt"/>
        <line num="45" count="2" type="stmt"/>
        <line num="47" count="1" type="cond" truecount="1" falsecount="0"/>
        <line num="48" count="1" type="stmt"/>
        <line num="51" count="1" type="stmt"/>
        <line num="55" count="13" type="cond" truecount="1" falsecount="0"/>
        <line num="56" count="6" type="stmt"/>
        <line num="61" count="3" type="stmt"/>
      </file>
    </package>
    <package name="core.usescases.deletePokemon">
      <metrics statements="2" coveredstatements="2" conditionals="0" coveredconditionals="0" methods="2" coveredmethods="2"/>
      <file name="deletePokemon.ts" path="/home/yanny/Bureau/archi-projet/rendu/src/core/usescases/deletePokemon/deletePokemon.ts">
        <metrics statements="2" coveredstatements="2" conditionals="0" coveredconditionals="0" methods="2" coveredmethods="2"/>
        <line num="3" count="2" type="stmt"/>
        <line num="4" count="2" type="stmt"/>
      </file>
    </package>
    <package name="core.usescases.getOnePokemon">
      <metrics statements="2" coveredstatements="2" conditionals="0" coveredconditionals="0" methods="2" coveredmethods="2"/>
      <file name="getOnePokemon.ts" path="/home/yanny/Bureau/archi-projet/rendu/src/core/usescases/getOnePokemon/getOnePokemon.ts">
        <metrics statements="2" coveredstatements="2" conditionals="0" coveredconditionals="0" methods="2" coveredmethods="2"/>
        <line num="3" count="2" type="stmt"/>
        <line num="4" count="2" type="stmt"/>
      </file>
    </package>
    <package name="core.usescases.listAllPokemons">
      <metrics statements="2" coveredstatements="2" conditionals="0" coveredconditionals="0" methods="2" coveredmethods="2"/>
      <file name="listAllPokemons.ts" path="/home/yanny/Bureau/archi-projet/rendu/src/core/usescases/listAllPokemons/listAllPokemons.ts">
        <metrics statements="2" coveredstatements="2" conditionals="0" coveredconditionals="0" methods="2" coveredmethods="2"/>
        <line num="4" count="2" type="stmt"/>
        <line num="5" count="2" type="stmt"/>
      </file>
    </package>
    <package name="core.usescases.postPokemon">
      <metrics statements="2" coveredstatements="2" conditionals="0" coveredconditionals="0" methods="2" coveredmethods="2"/>
      <file name="postPokemon.ts" path="/home/yanny/Bureau/archi-projet/rendu/src/core/usescases/postPokemon/postPokemon.ts">
        <metrics statements="2" coveredstatements="2" conditionals="0" coveredconditionals="0" methods="2" coveredmethods="2"/>
        <line num="4" count="2" type="stmt"/>
        <line num="5" count="2" type="stmt"/>
      </file>
    </package>
    <package name="core.usescases.updatePokemon">
      <metrics statements="2" coveredstatements="2" conditionals="0" coveredconditionals="0" methods="2" coveredmethods="2"/>
      <file name="updatePokemon.ts" path="/home/yanny/Bureau/archi-projet/rendu/src/core/usescases/updatePokemon/updatePokemon.ts">
        <metrics statements="2" coveredstatements="2" conditionals="0" coveredconditionals="0" methods="2" coveredmethods="2"/>
        <line num="4" count="3" type="stmt"/>
        <line num="5" count="3" type="stmt"/>
      </file>
    </package>
  </project>
</coverage>
