{"/home/yanny/Bureau/archi-projet/rendu/src/adapteurs/secondary/inMemoryPokemonGateway.ts": {"path":"/home/yanny/Bureau/archi-projet/rendu/src/adapteurs/secondary/inMemoryPokemonGateway.ts","statementMap":{"0":{"start":{"line":5,"column":12},"end":{"line":5,"column":42}},"1":{"start":{"line":8,"column":8},"end":{"line":8,"column":null}},"2":{"start":{"line":12,"column":8},"end":{"line":12,"column":null}},"3":{"start":{"line":13,"column":8},"end":{"line":13,"column":46}},"4":{"start":{"line":17,"column":24},"end":{"line":17,"column":79}},"5":{"start":{"line":17,"column":54},"end":{"line":17,"column":78}},"6":{"start":{"line":18,"column":8},"end":{"line":18,"column":null}},"7":{"start":{"line":19,"column":8},"end":{"line":19,"column":null}},"8":{"start":{"line":23,"column":8},"end":{"line":23,"column":74}},"9":{"start":{"line":25,"column":29},"end":{"line":25,"column":61}},"10":{"start":{"line":27,"column":8},"end":{"line":29,"column":null}},"11":{"start":{"line":28,"column":12},"end":{"line":28,"column":null}},"12":{"start":{"line":31,"column":8},"end":{"line":31,"column":null}},"13":{"start":{"line":35,"column":8},"end":{"line":35,"column":120}},"14":{"start":{"line":36,"column":8},"end":{"line":36,"column":33}},"15":{"start":{"line":37,"column":8},"end":{"line":37,"column":46}},"16":{"start":{"line":41,"column":8},"end":{"line":41,"column":122}},"17":{"start":{"line":43,"column":29},"end":{"line":43,"column":59}},"18":{"start":{"line":45,"column":8},"end":{"line":45,"column":null}},"19":{"start":{"line":47,"column":8},"end":{"line":49,"column":null}},"20":{"start":{"line":48,"column":12},"end":{"line":48,"column":null}},"21":{"start":{"line":51,"column":8},"end":{"line":51,"column":null}},"22":{"start":{"line":55,"column":8},"end":{"line":57,"column":null}},"23":{"start":{"line":56,"column":12},"end":{"line":56,"column":null}},"24":{"start":{"line":61,"column":8},"end":{"line":61,"column":null}},"25":{"start":{"line":61,"column":50},"end":{"line":61,"column":74}},"26":{"start":{"line":4,"column":0},"end":{"line":4,"column":13}}},"fnMap":{"0":{"name":"(anonymous_0)","decl":{"start":{"line":4,"column":0},"end":{"line":4,"column":13}},"loc":{"start":{"line":4,"column":0},"end":{"line":63,"column":1}}},"1":{"name":"(anonymous_1)","decl":{"start":{"line":7,"column":4},"end":{"line":7,"column":12}},"loc":{"start":{"line":7,"column":40},"end":{"line":9,"column":7}}},"2":{"name":"(anonymous_2)","decl":{"start":{"line":11,"column":4},"end":{"line":11,"column":11}},"loc":{"start":{"line":11,"column":11},"end":{"line":14,"column":5}}},"3":{"name":"(anonymous_3)","decl":{"start":{"line":16,"column":4},"end":{"line":16,"column":18}},"loc":{"start":{"line":16,"column":36},"end":{"line":20,"column":5}}},"4":{"name":"(anonymous_4)","decl":{"start":{"line":17,"column":43},"end":{"line":17,"column":50}},"loc":{"start":{"line":17,"column":54},"end":{"line":17,"column":78}}},"5":{"name":"(anonymous_5)","decl":{"start":{"line":22,"column":4},"end":{"line":22,"column":17}},"loc":{"start":{"line":22,"column":35},"end":{"line":32,"column":5}}},"6":{"name":"(anonymous_6)","decl":{"start":{"line":34,"column":4},"end":{"line":34,"column":15}},"loc":{"start":{"line":34,"column":29},"end":{"line":38,"column":5}}},"7":{"name":"(anonymous_7)","decl":{"start":{"line":40,"column":4},"end":{"line":40,"column":17}},"loc":{"start":{"line":40,"column":31},"end":{"line":52,"column":5}}},"8":{"name":"(anonymous_8)","decl":{"start":{"line":54,"column":12},"end":{"line":54,"column":24}},"loc":{"start":{"line":54,"column":54},"end":{"line":58,"column":5}}},"9":{"name":"(anonymous_9)","decl":{"start":{"line":60,"column":12},"end":{"line":60,"column":28}},"loc":{"start":{"line":60,"column":46},"end":{"line":62,"column":5}}},"10":{"name":"(anonymous_10)","decl":{"start":{"line":61,"column":39},"end":{"line":61,"column":46}},"loc":{"start":{"line":61,"column":50},"end":{"line":61,"column":74}}}},"branchMap":{"0":{"loc":{"start":{"line":27,"column":8},"end":{"line":29,"column":null}},"type":"if","locations":[{"start":{"line":27,"column":8},"end":{"line":29,"column":null}}]},"1":{"loc":{"start":{"line":35,"column":26},"end":{"line":35,"column":78}},"type":"binary-expr","locations":[{"start":{"line":35,"column":26},"end":{"line":35,"column":36}},{"start":{"line":35,"column":40},"end":{"line":35,"column":52}},{"start":{"line":35,"column":56},"end":{"line":35,"column":66}},{"start":{"line":35,"column":70},"end":{"line":35,"column":78}}]},"2":{"loc":{"start":{"line":41,"column":26},"end":{"line":41,"column":78}},"type":"binary-expr","locations":[{"start":{"line":41,"column":26},"end":{"line":41,"column":36}},{"start":{"line":41,"column":40},"end":{"line":41,"column":52}},{"start":{"line":41,"column":56},"end":{"line":41,"column":66}},{"start":{"line":41,"column":70},"end":{"line":41,"column":78}}]},"3":{"loc":{"start":{"line":47,"column":8},"end":{"line":49,"column":null}},"type":"if","locations":[{"start":{"line":47,"column":8},"end":{"line":49,"column":null}}]},"4":{"loc":{"start":{"line":55,"column":8},"end":{"line":57,"column":null}},"type":"if","locations":[{"start":{"line":55,"column":8},"end":{"line":57,"column":null}}]}},"s":{"0":11,"1":6,"2":2,"3":1,"4":2,"5":2,"6":2,"7":1,"8":2,"9":1,"10":1,"11":1,"12":1,"13":2,"14":1,"15":1,"16":3,"17":2,"18":2,"19":1,"20":1,"21":1,"22":13,"23":6,"24":3,"25":3,"26":5},"f":{"0":11,"1":6,"2":2,"3":2,"4":2,"5":2,"6":2,"7":3,"8":13,"9":3,"10":3},"b":{"0":[1],"1":[2,1,1,1],"2":[3,2,2,2],"3":[1],"4":[6]}}
,"/home/yanny/Bureau/archi-projet/rendu/src/core/usescases/deletePokemon/deletePokemon.ts": {"path":"/home/yanny/Bureau/archi-projet/rendu/src/core/usescases/deletePokemon/deletePokemon.ts","statementMap":{"0":{"start":{"line":3,"column":29},"end":{"line":5,"column":null}},"1":{"start":{"line":3,"column":89},"end":{"line":5,"column":null}},"2":{"start":{"line":4,"column":4},"end":{"line":4,"column":null}},"3":{"start":{"line":3,"column":13},"end":{"line":3,"column":29}}},"fnMap":{"0":{"name":"(anonymous_7)","decl":{"start":{"line":3,"column":29},"end":{"line":3,"column":36}},"loc":{"start":{"line":3,"column":89},"end":{"line":5,"column":null}}},"1":{"name":"(anonymous_8)","decl":{"start":{"line":3,"column":89},"end":{"line":3,"column":null}},"loc":{"start":{"line":3,"column":89},"end":{"line":5,"column":1}}}},"branchMap":{},"s":{"0":1,"1":2,"2":2,"3":1},"f":{"0":2,"1":2},"b":{}}
,"/home/yanny/Bureau/archi-projet/rendu/src/core/usescases/getOnePokemon/getOnePokemon.ts": {"path":"/home/yanny/Bureau/archi-projet/rendu/src/core/usescases/getOnePokemon/getOnePokemon.ts","statementMap":{"0":{"start":{"line":3,"column":29},"end":{"line":5,"column":null}},"1":{"start":{"line":3,"column":88},"end":{"line":5,"column":null}},"2":{"start":{"line":4,"column":4},"end":{"line":4,"column":null}},"3":{"start":{"line":3,"column":13},"end":{"line":3,"column":29}}},"fnMap":{"0":{"name":"(anonymous_7)","decl":{"start":{"line":3,"column":29},"end":{"line":3,"column":35}},"loc":{"start":{"line":3,"column":88},"end":{"line":5,"column":null}}},"1":{"name":"(anonymous_8)","decl":{"start":{"line":3,"column":88},"end":{"line":3,"column":null}},"loc":{"start":{"line":3,"column":88},"end":{"line":5,"column":1}}}},"branchMap":{},"s":{"0":1,"1":2,"2":2,"3":1},"f":{"0":2,"1":2},"b":{}}
,"/home/yanny/Bureau/archi-projet/rendu/src/core/usescases/listAllPokemons/listAllPokemons.ts": {"path":"/home/yanny/Bureau/archi-projet/rendu/src/core/usescases/listAllPokemons/listAllPokemons.ts","statementMap":{"0":{"start":{"line":4,"column":31},"end":{"line":6,"column":null}},"1":{"start":{"line":4,"column":96},"end":{"line":6,"column":null}},"2":{"start":{"line":5,"column":4},"end":{"line":5,"column":42}},"3":{"start":{"line":4,"column":13},"end":{"line":4,"column":31}}},"fnMap":{"0":{"name":"(anonymous_7)","decl":{"start":{"line":4,"column":31},"end":{"line":4,"column":37}},"loc":{"start":{"line":4,"column":96},"end":{"line":6,"column":null}}},"1":{"name":"(anonymous_8)","decl":{"start":{"line":4,"column":96},"end":{"line":4,"column":null}},"loc":{"start":{"line":4,"column":96},"end":{"line":6,"column":1}}}},"branchMap":{},"s":{"0":1,"1":2,"2":2,"3":1},"f":{"0":2,"1":2},"b":{}}
,"/home/yanny/Bureau/archi-projet/rendu/src/core/usescases/postPokemon/postPokemon.ts": {"path":"/home/yanny/Bureau/archi-projet/rendu/src/core/usescases/postPokemon/postPokemon.ts","statementMap":{"0":{"start":{"line":4,"column":27},"end":{"line":6,"column":null}},"1":{"start":{"line":4,"column":83},"end":{"line":6,"column":null}},"2":{"start":{"line":5,"column":4},"end":{"line":5,"column":null}},"3":{"start":{"line":4,"column":13},"end":{"line":4,"column":27}}},"fnMap":{"0":{"name":"(anonymous_7)","decl":{"start":{"line":4,"column":27},"end":{"line":4,"column":34}},"loc":{"start":{"line":4,"column":83},"end":{"line":6,"column":null}}},"1":{"name":"(anonymous_8)","decl":{"start":{"line":4,"column":83},"end":{"line":4,"column":null}},"loc":{"start":{"line":4,"column":83},"end":{"line":6,"column":1}}}},"branchMap":{},"s":{"0":1,"1":2,"2":2,"3":1},"f":{"0":2,"1":2},"b":{}}
,"/home/yanny/Bureau/archi-projet/rendu/src/core/usescases/updatePokemon/updatePokemon.ts": {"path":"/home/yanny/Bureau/archi-projet/rendu/src/core/usescases/updatePokemon/updatePokemon.ts","statementMap":{"0":{"start":{"line":4,"column":29},"end":{"line":7,"column":null}},"1":{"start":{"line":4,"column":84},"end":{"line":7,"column":null}},"2":{"start":{"line":5,"column":4},"end":{"line":5,"column":null}},"3":{"start":{"line":4,"column":13},"end":{"line":4,"column":29}}},"fnMap":{"0":{"name":"(anonymous_7)","decl":{"start":{"line":4,"column":29},"end":{"line":4,"column":36}},"loc":{"start":{"line":4,"column":84},"end":{"line":7,"column":null}}},"1":{"name":"(anonymous_8)","decl":{"start":{"line":4,"column":84},"end":{"line":4,"column":null}},"loc":{"start":{"line":4,"column":84},"end":{"line":7,"column":1}}}},"branchMap":{},"s":{"0":1,"1":3,"2":3,"3":1},"f":{"0":3,"1":3},"b":{}}
}
