TN:
SF:src/adapteurs/secondary/inMemoryPokemonGateway.ts
FN:4,(anonymous_0)
FN:7,(anonymous_1)
FN:11,(anonymous_2)
FN:16,(anonymous_3)
FN:17,(anonymous_4)
FN:22,(anonymous_5)
FN:34,(anonymous_6)
FN:40,(anonymous_7)
FN:54,(anonymous_8)
FN:60,(anonymous_9)
FN:61,(anonymous_10)
FNF:11
FNH:11
FNDA:11,(anonymous_0)
FNDA:6,(anonymous_1)
FNDA:2,(anonymous_2)
FNDA:2,(anonymous_3)
FNDA:2,(anonymous_4)
FNDA:2,(anonymous_5)
FNDA:2,(anonymous_6)
FNDA:3,(anonymous_7)
FNDA:13,(anonymous_8)
FNDA:3,(anonymous_9)
FNDA:3,(anonymous_10)
DA:4,5
DA:5,11
DA:8,6
DA:12,2
DA:13,1
DA:17,2
DA:18,2
DA:19,1
DA:23,2
DA:25,1
DA:27,1
DA:28,1
DA:31,1
DA:35,2
DA:36,1
DA:37,1
DA:41,3
DA:43,2
DA:45,2
DA:47,1
DA:48,1
DA:51,1
DA:55,13
DA:56,6
DA:61,3
LF:25
LH:25
BRDA:27,0,0,1
BRDA:35,1,0,2
BRDA:35,1,1,1
BRDA:35,1,2,1
BRDA:35,1,3,1
BRDA:41,2,0,3
BRDA:41,2,1,2
BRDA:41,2,2,2
BRDA:41,2,3,2
BRDA:47,3,0,1
BRDA:55,4,0,6
BRF:11
BRH:11
end_of_record
TN:
SF:src/core/usescases/deletePokemon/deletePokemon.ts
FN:3,(anonymous_7)
FN:3,(anonymous_8)
FNF:2
FNH:2
FNDA:2,(anonymous_7)
FNDA:2,(anonymous_8)
DA:3,2
DA:4,2
LF:2
LH:2
BRF:0
BRH:0
end_of_record
TN:
SF:src/core/usescases/getOnePokemon/getOnePokemon.ts
FN:3,(anonymous_7)
FN:3,(anonymous_8)
FNF:2
FNH:2
FNDA:2,(anonymous_7)
FNDA:2,(anonymous_8)
DA:3,2
DA:4,2
LF:2
LH:2
BRF:0
BRH:0
end_of_record
TN:
SF:src/core/usescases/listAllPokemons/listAllPokemons.ts
FN:4,(anonymous_7)
FN:4,(anonymous_8)
FNF:2
FNH:2
FNDA:2,(anonymous_7)
FNDA:2,(anonymous_8)
DA:4,2
DA:5,2
LF:2
LH:2
BRF:0
BRH:0
end_of_record
TN:
SF:src/core/usescases/postPokemon/postPokemon.ts
FN:4,(anonymous_7)
FN:4,(anonymous_8)
FNF:2
FNH:2
FNDA:2,(anonymous_7)
FNDA:2,(anonymous_8)
DA:4,2
DA:5,2
LF:2
LH:2
BRF:0
BRH:0
end_of_record
TN:
SF:src/core/usescases/updatePokemon/updatePokemon.ts
FN:4,(anonymous_7)
FN:4,(anonymous_8)
FNF:2
FNH:2
FNDA:3,(anonymous_7)
FNDA:3,(anonymous_8)
DA:4,3
DA:5,3
LF:2
LH:2
BRF:0
BRH:0
end_of_record
